c:\users\mr.z\desktop\speexdemo1.3\speex-1.2rc1\win32\vs2008\libspeex\debug\vc141.pdb
c:\users\mr.z\desktop\speexdemo1.3\speex-1.2rc1\win32\vs2008\libspeex\debug\vc141.idb
c:\users\mr.z\desktop\speexdemo1.3\speex-1.2rc1\win32\vs2008\libspeex\debug\kiss_fftr.obj
c:\users\mr.z\desktop\speexdemo1.3\speex-1.2rc1\win32\vs2008\libspeex\debug\lpc.obj
c:\users\mr.z\desktop\speexdemo1.3\speex-1.2rc1\win32\vs2008\libspeex\debug\lsp.obj
c:\users\mr.z\desktop\speexdemo1.3\speex-1.2rc1\win32\vs2008\libspeex\debug\lsp_tables_nb.obj
c:\users\mr.z\desktop\speexdemo1.3\speex-1.2rc1\win32\vs2008\libspeex\debug\ltp.obj
c:\users\mr.z\desktop\speexdemo1.3\speex-1.2rc1\win32\vs2008\libspeex\debug\mdf.obj
c:\users\mr.z\desktop\speexdemo1.3\speex-1.2rc1\win32\vs2008\libspeex\debug\modes.obj
c:\users\mr.z\desktop\speexdemo1.3\speex-1.2rc1\win32\vs2008\libspeex\debug\modes_wb.obj
c:\users\mr.z\desktop\speexdemo1.3\speex-1.2rc1\win32\vs2008\libspeex\debug\nb_celp.obj
c:\users\mr.z\desktop\speexdemo1.3\speex-1.2rc1\win32\vs2008\libspeex\debug\preprocess.obj
c:\users\mr.z\desktop\speexdemo1.3\speex-1.2rc1\win32\vs2008\libspeex\debug\quant_lsp.obj
c:\users\mr.z\desktop\speexdemo1.3\speex-1.2rc1\win32\vs2008\libspeex\debug\sb_celp.obj
c:\users\mr.z\desktop\speexdemo1.3\speex-1.2rc1\win32\vs2008\libspeex\debug\smallft.obj
c:\users\mr.z\desktop\speexdemo1.3\speex-1.2rc1\win32\vs2008\libspeex\debug\speex.obj
c:\users\mr.z\desktop\speexdemo1.3\speex-1.2rc1\win32\vs2008\libspeex\debug\speex_callbacks.obj
c:\users\mr.z\desktop\speexdemo1.3\speex-1.2rc1\win32\vs2008\libspeex\debug\speex_header.obj
c:\users\mr.z\desktop\speexdemo1.3\speex-1.2rc1\win32\vs2008\libspeex\debug\stereo.obj
c:\users\mr.z\desktop\speexdemo1.3\speex-1.2rc1\win32\vs2008\libspeex\debug\vbr.obj
c:\users\mr.z\desktop\speexdemo1.3\speex-1.2rc1\win32\vs2008\libspeex\debug\vq.obj
c:\users\mr.z\desktop\speexdemo1.3\speex-1.2rc1\win32\vs2008\libspeex\debug\window.obj
c:\users\mr.z\desktop\speexdemo1.3\speex-1.2rc1\win32\vs2008\libspeex\debug\bits.obj
c:\users\mr.z\desktop\speexdemo1.3\speex-1.2rc1\win32\vs2008\libspeex\debug\cb_search.obj
c:\users\mr.z\desktop\speexdemo1.3\speex-1.2rc1\win32\vs2008\libspeex\debug\exc_10_16_table.obj
c:\users\mr.z\desktop\speexdemo1.3\speex-1.2rc1\win32\vs2008\libspeex\debug\exc_10_32_table.obj
c:\users\mr.z\desktop\speexdemo1.3\speex-1.2rc1\win32\vs2008\libspeex\debug\exc_20_32_table.obj
c:\users\mr.z\desktop\speexdemo1.3\speex-1.2rc1\win32\vs2008\libspeex\debug\exc_5_256_table.obj
c:\users\mr.z\desktop\speexdemo1.3\speex-1.2rc1\win32\vs2008\libspeex\debug\exc_5_64_table.obj
c:\users\mr.z\desktop\speexdemo1.3\speex-1.2rc1\win32\vs2008\libspeex\debug\exc_8_128_table.obj
c:\users\mr.z\desktop\speexdemo1.3\speex-1.2rc1\win32\vs2008\libspeex\debug\fftwrap.obj
c:\users\mr.z\desktop\speexdemo1.3\speex-1.2rc1\win32\vs2008\libspeex\debug\filterbank.obj
c:\users\mr.z\desktop\speexdemo1.3\speex-1.2rc1\win32\vs2008\libspeex\debug\filters.obj
c:\users\mr.z\desktop\speexdemo1.3\speex-1.2rc1\win32\vs2008\libspeex\debug\gain_table.obj
c:\users\mr.z\desktop\speexdemo1.3\speex-1.2rc1\win32\vs2008\libspeex\debug\gain_table_lbr.obj
c:\users\mr.z\desktop\speexdemo1.3\speex-1.2rc1\win32\vs2008\libspeex\debug\hexc_10_32_table.obj
c:\users\mr.z\desktop\speexdemo1.3\speex-1.2rc1\win32\vs2008\libspeex\debug\hexc_table.obj
c:\users\mr.z\desktop\speexdemo1.3\speex-1.2rc1\win32\vs2008\libspeex\debug\high_lsp_tables.obj
c:\users\mr.z\desktop\speexdemo1.3\speex-1.2rc1\win32\vs2008\libspeex\debug\jitter.obj
c:\users\mr.z\desktop\speexdemo1.3\speex-1.2rc1\win32\vs2008\libspeex\debug\kiss_fft.obj
c:\users\mr.z\desktop\speexdemo1.3\speexdemo\bin\debug\libspeex.lib
c:\users\mr.z\desktop\speexdemo1.3\speexdemo\bin\debug\libspeex.exp
c:\users\mr.z\desktop\speexdemo1.3\speexdemo\bin\debug\libspeex.ilk
c:\users\mr.z\desktop\speexdemo1.3\speexdemo\bin\debug\libspeex.dll
c:\users\mr.z\desktop\speexdemo1.3\speexdemo\bin\debug\libspeex.pdb
c:\users\mr.z\desktop\新建文件夹 (2)\speexdemo1.3\speex-1.2rc1\win32\vs2008\libspeex\debug\bits.obj
c:\users\mr.z\desktop\新建文件夹 (2)\speexdemo1.3\speex-1.2rc1\win32\vs2008\libspeex\debug\cb_search.obj
c:\users\mr.z\desktop\新建文件夹 (2)\speexdemo1.3\speex-1.2rc1\win32\vs2008\libspeex\debug\exc_10_16_table.obj
c:\users\mr.z\desktop\新建文件夹 (2)\speexdemo1.3\speex-1.2rc1\win32\vs2008\libspeex\debug\exc_10_32_table.obj
c:\users\mr.z\desktop\新建文件夹 (2)\speexdemo1.3\speex-1.2rc1\win32\vs2008\libspeex\debug\exc_20_32_table.obj
c:\users\mr.z\desktop\新建文件夹 (2)\speexdemo1.3\speex-1.2rc1\win32\vs2008\libspeex\debug\exc_5_256_table.obj
c:\users\mr.z\desktop\新建文件夹 (2)\speexdemo1.3\speex-1.2rc1\win32\vs2008\libspeex\debug\exc_5_64_table.obj
c:\users\mr.z\desktop\新建文件夹 (2)\speexdemo1.3\speex-1.2rc1\win32\vs2008\libspeex\debug\exc_8_128_table.obj
c:\users\mr.z\desktop\新建文件夹 (2)\speexdemo1.3\speex-1.2rc1\win32\vs2008\libspeex\debug\fftwrap.obj
c:\users\mr.z\desktop\新建文件夹 (2)\speexdemo1.3\speex-1.2rc1\win32\vs2008\libspeex\debug\filterbank.obj
c:\users\mr.z\desktop\新建文件夹 (2)\speexdemo1.3\speex-1.2rc1\win32\vs2008\libspeex\debug\filters.obj
c:\users\mr.z\desktop\新建文件夹 (2)\speexdemo1.3\speex-1.2rc1\win32\vs2008\libspeex\debug\gain_table.obj
c:\users\mr.z\desktop\新建文件夹 (2)\speexdemo1.3\speex-1.2rc1\win32\vs2008\libspeex\debug\gain_table_lbr.obj
c:\users\mr.z\desktop\新建文件夹 (2)\speexdemo1.3\speex-1.2rc1\win32\vs2008\libspeex\debug\hexc_10_32_table.obj
c:\users\mr.z\desktop\新建文件夹 (2)\speexdemo1.3\speex-1.2rc1\win32\vs2008\libspeex\debug\hexc_table.obj
c:\users\mr.z\desktop\新建文件夹 (2)\speexdemo1.3\speex-1.2rc1\win32\vs2008\libspeex\debug\high_lsp_tables.obj
c:\users\mr.z\desktop\新建文件夹 (2)\speexdemo1.3\speex-1.2rc1\win32\vs2008\libspeex\debug\jitter.obj
c:\users\mr.z\desktop\新建文件夹 (2)\speexdemo1.3\speex-1.2rc1\win32\vs2008\libspeex\debug\kiss_fft.obj
c:\users\mr.z\desktop\新建文件夹 (2)\speexdemo1.3\speex-1.2rc1\win32\vs2008\libspeex\debug\kiss_fftr.obj
c:\users\mr.z\desktop\新建文件夹 (2)\speexdemo1.3\speex-1.2rc1\win32\vs2008\libspeex\debug\lpc.obj
c:\users\mr.z\desktop\新建文件夹 (2)\speexdemo1.3\speex-1.2rc1\win32\vs2008\libspeex\debug\lsp.obj
c:\users\mr.z\desktop\新建文件夹 (2)\speexdemo1.3\speex-1.2rc1\win32\vs2008\libspeex\debug\lsp_tables_nb.obj
c:\users\mr.z\desktop\新建文件夹 (2)\speexdemo1.3\speex-1.2rc1\win32\vs2008\libspeex\debug\ltp.obj
c:\users\mr.z\desktop\新建文件夹 (2)\speexdemo1.3\speex-1.2rc1\win32\vs2008\libspeex\debug\mdf.obj
c:\users\mr.z\desktop\新建文件夹 (2)\speexdemo1.3\speex-1.2rc1\win32\vs2008\libspeex\debug\modes.obj
c:\users\mr.z\desktop\新建文件夹 (2)\speexdemo1.3\speex-1.2rc1\win32\vs2008\libspeex\debug\modes_wb.obj
c:\users\mr.z\desktop\新建文件夹 (2)\speexdemo1.3\speex-1.2rc1\win32\vs2008\libspeex\debug\nb_celp.obj
c:\users\mr.z\desktop\新建文件夹 (2)\speexdemo1.3\speex-1.2rc1\win32\vs2008\libspeex\debug\preprocess.obj
c:\users\mr.z\desktop\新建文件夹 (2)\speexdemo1.3\speex-1.2rc1\win32\vs2008\libspeex\debug\quant_lsp.obj
c:\users\mr.z\desktop\新建文件夹 (2)\speexdemo1.3\speex-1.2rc1\win32\vs2008\libspeex\debug\sb_celp.obj
c:\users\mr.z\desktop\新建文件夹 (2)\speexdemo1.3\speex-1.2rc1\win32\vs2008\libspeex\debug\smallft.obj
c:\users\mr.z\desktop\新建文件夹 (2)\speexdemo1.3\speex-1.2rc1\win32\vs2008\libspeex\debug\speex.obj
c:\users\mr.z\desktop\新建文件夹 (2)\speexdemo1.3\speex-1.2rc1\win32\vs2008\libspeex\debug\speex_callbacks.obj
c:\users\mr.z\desktop\新建文件夹 (2)\speexdemo1.3\speex-1.2rc1\win32\vs2008\libspeex\debug\speex_header.obj
c:\users\mr.z\desktop\新建文件夹 (2)\speexdemo1.3\speex-1.2rc1\win32\vs2008\libspeex\debug\stereo.obj
c:\users\mr.z\desktop\新建文件夹 (2)\speexdemo1.3\speex-1.2rc1\win32\vs2008\libspeex\debug\vbr.obj
c:\users\mr.z\desktop\新建文件夹 (2)\speexdemo1.3\speex-1.2rc1\win32\vs2008\libspeex\debug\vq.obj
c:\users\mr.z\desktop\新建文件夹 (2)\speexdemo1.3\speex-1.2rc1\win32\vs2008\libspeex\debug\window.obj
c:\users\mr.z\desktop\新建文件夹 (2)\speexdemo1.3\speex-1.2rc1\win32\vs2008\libspeex\debug\vc141.idb
c:\users\mr.z\desktop\新建文件夹 (2)\speexdemo1.3\speex-1.2rc1\win32\vs2008\libspeex\debug\vc141.pdb
c:\users\mr.z\desktop\新建文件夹 (2)\speexdemo1.3\speex-1.2rc1\win32\vs2008\libspeex\..\..\..\..\speexdemo\bin\debug\libspeex.dll
c:\users\mr.z\desktop\新建文件夹 (2)\speexdemo1.3\speex-1.2rc1\win32\vs2008\libspeex\debug\libspeex.tlog\cl.command.1.tlog
c:\users\mr.z\desktop\新建文件夹 (2)\speexdemo1.3\speex-1.2rc1\win32\vs2008\libspeex\debug\libspeex.tlog\cl.read.1.tlog
c:\users\mr.z\desktop\新建文件夹 (2)\speexdemo1.3\speex-1.2rc1\win32\vs2008\libspeex\debug\libspeex.tlog\cl.write.1.tlog
c:\users\mr.z\desktop\新建文件夹 (2)\speexdemo1.3\speex-1.2rc1\win32\vs2008\libspeex\debug\libspeex.tlog\libspeex.write.1u.tlog
c:\users\mr.z\desktop\新建文件夹 (2)\speexdemo1.3\speex-1.2rc1\win32\vs2008\libspeex\debug\libspeex.tlog\link.command.1.tlog
c:\users\mr.z\desktop\新建文件夹 (2)\speexdemo1.3\speex-1.2rc1\win32\vs2008\libspeex\debug\libspeex.tlog\link.read.1.tlog
c:\users\mr.z\desktop\新建文件夹 (2)\speexdemo1.3\speex-1.2rc1\win32\vs2008\libspeex\debug\libspeex.tlog\link.write.1.tlog
