c:\users\mr.z\downloads\speex-1.2rc1\win32\vs2008\libspeexdsp\debug\vc141.pdb
c:\users\mr.z\downloads\speex-1.2rc1\win32\vs2008\libspeexdsp\debug\vc141.idb
c:\users\mr.z\downloads\speex-1.2rc1\win32\vs2008\libspeexdsp\debug\buffer.obj
c:\users\mr.z\downloads\speex-1.2rc1\win32\vs2008\libspeexdsp\debug\fftwrap.obj
c:\users\mr.z\downloads\speex-1.2rc1\win32\vs2008\libspeexdsp\debug\filterbank.obj
c:\users\mr.z\downloads\speex-1.2rc1\win32\vs2008\libspeexdsp\debug\jitter.obj
c:\users\mr.z\downloads\speex-1.2rc1\win32\vs2008\libspeexdsp\debug\kiss_fft.obj
c:\users\mr.z\downloads\speex-1.2rc1\win32\vs2008\libspeexdsp\debug\kiss_fftr.obj
c:\users\mr.z\downloads\speex-1.2rc1\win32\vs2008\libspeexdsp\debug\mdf.obj
c:\users\mr.z\downloads\speex-1.2rc1\win32\vs2008\libspeexdsp\debug\preprocess.obj
c:\users\mr.z\downloads\speex-1.2rc1\win32\vs2008\libspeexdsp\debug\resample.obj
c:\users\mr.z\downloads\speex-1.2rc1\win32\vs2008\libspeexdsp\debug\smallft.obj
c:\users\mr.z\downloads\speex-1.2rc1\win32\vs2008\libspeexdsp\debug\libspeexdsp.ilk
c:\users\mr.z\downloads\speex-1.2rc1\win32\vs2008\libspeexdsp\debug\libspeexdsp.dll
c:\users\mr.z\downloads\speex-1.2rc1\win32\vs2008\libspeexdsp\debug\libspeexdsp.pdb
c:\users\mr.z\downloads\speex-1.2rc1\win32\vs2008\libspeexdsp\debug\libspeexdsp.tlog\cl.command.1.tlog
c:\users\mr.z\downloads\speex-1.2rc1\win32\vs2008\libspeexdsp\debug\libspeexdsp.tlog\cl.read.1.tlog
c:\users\mr.z\downloads\speex-1.2rc1\win32\vs2008\libspeexdsp\debug\libspeexdsp.tlog\cl.write.1.tlog
c:\users\mr.z\downloads\speex-1.2rc1\win32\vs2008\libspeexdsp\debug\libspeexdsp.tlog\link.command.1.tlog
c:\users\mr.z\downloads\speex-1.2rc1\win32\vs2008\libspeexdsp\debug\libspeexdsp.tlog\link.read.1.tlog
c:\users\mr.z\downloads\speex-1.2rc1\win32\vs2008\libspeexdsp\debug\libspeexdsp.tlog\link.write.1.tlog
